#
# There is insufficient memory for the Java Runtime Environment to continue.
# Native memory allocation (mmap) failed to map 201326592 bytes. Error detail: G1 virtual space
# Possible reasons:
#   The system is out of physical RAM or swap space
#   This process is running with CompressedOops enabled, and the Java Heap may be blocking the growth of the native heap
# Possible solutions:
#   Reduce memory load on the system
#   Increase physical memory or swap space
#   Check if swap backing store is full
#   Decrease Java heap size (-Xmx/-Xms)
#   Decrease number of Java threads
#   Decrease Java thread stack sizes (-Xss)
#   Set larger code cache with -XX:ReservedCodeCacheSize=
#   JVM is running with Zero Based Compressed Oops mode in which the Java heap is
#     placed in the first 32GB address space. The Java Heap base address is the
#     maximum limit for the native heap growth. Please use -XX:HeapBaseMinAddress
#     to set the Java Heap base and to place the Java Heap above 32GB virtual address.
# This output file may be truncated or incomplete.
#
#  Out of Memory Error (os_windows.cpp:3564), pid=4600, tid=16964
#
# JRE version:  (24.0+36) (build )
# Java VM: Java HotSpot(TM) 64-Bit Server VM (24+36-3646, mixed mode, sharing, tiered, compressed oops, compressed class ptrs, g1 gc, windows-amd64)
# No core dump will be written. Minidumps are not enabled by default on client versions of Windows
#

---------------  S U M M A R Y ------------

Command Line: 

Host: Intel(R) Core(TM) i5-10400 CPU @ 2.90GHz, 12 cores, 11G,  Windows 11 , 64 bit Build 26100 (10.0.26100.3323)
Time: Wed May  7 08:13:46 2025 Eastern Daylight Time elapsed time: 1.103742 seconds (0d 0h 0m 1s)

---------------  T H R E A D  ---------------

Current thread (0x000001cbe31d8db0):  JavaThread "Unknown thread" [_thread_in_vm, id=16964, stack(0x0000009a49e00000,0x0000009a49ff0000) (1984K)]

Stack: [0x0000009a49e00000,0x0000009a49ff0000]
Native frames: (J=compiled Java code, j=interpreted, Vv=VM code, C=native code)
C  0x00007ff8628b08c9  (no source info available)
C  0x00007ff862a59ca3  (no source info available)
C  0x00007ff862a5c13d  (no source info available)
C  0x00007ff862a5c7b3  (no source info available)
C  0x00007ff86242a046  (no source info available)
C  0x00007ff8628acdf5  (no source info available)
C  0x00007ff8628a091a  (no source info available)
C  0x00007ff862510d8a  (no source info available)
C  0x00007ff862518a96  (no source info available)
C  0x00007ff8625052de  (no source info available)
C  0x00007ff862505598  (no source info available)
C  0x00007ff8624dd16c  (no source info available)
C  0x00007ff8624dde2d  (no source info available)
C  0x00007ff862a1d41f  (no source info available)
C  0x00007ff8625798fd  (no source info available)
C  0x00007ff862a05a76  (no source info available)
C  0x00007ff86261604e  (no source info available)
C  0x00007ff862617e21  (no source info available)
C  0x00007ff8bc3915ac  (no source info available)
C  0x00007ff8bc3c1268  (no source info available)
C  [python39.dll+0x58801]  (no source info available)
C  [python39.dll+0x64ede]  (no source info available)
C  [python39.dll+0x5e0a3]  (no source info available)
C  [python39.dll+0x5fa67]  (no source info available)
C  [python39.dll+0x67505]  (no source info available)
C  [python39.dll+0x5e0a3]  (no source info available)
C  [python39.dll+0xb68fd]  (no source info available)
C  [python39.dll+0xae9d3]  (no source info available)
C  [python39.dll+0xae931]  (no source info available)
C  [python39.dll+0x3b672]  (no source info available)
C  [python39.dll+0x3b5f2]  (no source info available)
C  [python39.dll+0xf2e47]  (no source info available)
C  [python39.dll+0xf32f0]  (no source info available)
C  [python39.dll+0xfebe7]  (no source info available)
C  [python39.dll+0xfeb80]  (no source info available)
C  [python39.dll+0xfe916]  (no source info available)
C  [python39.dll+0xc2348]  (no source info available)
C  [python39.dll+0xc21d1]  (no source info available)
C  [python39.dll+0xbe3f1]  (no source info available)
C  [python.exe+0x1254]  (no source info available)
C  [KERNEL32.DLL+0x2e8d7]  (no source info available)
C  [ntdll.dll+0xbbf6c]  (no source info available)

Lock stack of current Java thread (top to bottom):


---------------  P R O C E S S  ---------------

Threads class SMR info:
_java_thread_list=0x00007ff862dbf318, length=0, elements={
}

Java Threads: ( => current thread )
Total: 0

Other Threads:
  0x000001cbe31b3390 WorkerThread "GC Thread#0"                     [id=35080, stack(0x0000009a4d060000,0x0000009a4d250000) (1984K)]
  0x000001cbe3349d60 ConcurrentGCThread "G1 Main Marker"            [id=59136, stack(0x0000009a4d250000,0x0000009a4d440000) (1984K)]
  0x000001cbe31b2c30 WorkerThread "G1 Conc#0"                       [id=29724, stack(0x0000009a4d440000,0x0000009a4d630000) (1984K)]

[error occurred during error reporting (printing all threads), id 0xc0000005, EXCEPTION_ACCESS_VIOLATION (0xc0000005) at pc=0x00007ff8624f158a]
VM state: not at safepoint (not fully initialized)

VM Mutex/Monitor currently owned by a thread:  ([mutex/lock_event])
[0x00007ff862e445c0] Heap_lock - owner thread: 0x000001cbe31d8db0

Heap address: 0x0000000741c00000, size: 3044 MB, Compressed Oops mode: Zero based, Oop shift amount: 3

CDS archive(s) mapped at: [0x0000000000000000-0x0000000000000000-0x0000000000000000), size 0, SharedBaseAddress: 0x0000000800000000, ArchiveRelocationMode: 1.
UseCompressedClassPointers 1, UseCompactObjectHeaders 0
Narrow klass pointer bits 32, Max shift 3
Narrow klass base: 0xffffffffffffffff, Narrow klass shift: -1
Encoding Range: [0xffffffffffffffff - 0x000000007fffffff), (2147483648 bytes)
Klass Range:    [0x0000000000000000 - 0x0000000000000000), (0 bytes)
Klass ID Range:  [4294967295 - 0) (1)

GC Precious Log:
 CardTable entry size: 512
 Card Set container configuration: InlinePtr #cards 4 size 8 Array Of Cards #cards 16 size 48 Howl #buckets 8 coarsen threshold 3686 Howl Bitmap #cards 512 size 80 coarsen threshold 460 Card regions per heap region 1 cards per card region 4096

Heap:
 garbage-first heap   total reserved 3117056K, committed 0K, used 0K [0x0000000741c00000, 0x0000000800000000)
  region size 2048K, 0 young (0K), 0 survivors (0K)

[error occurred during error reporting (printing heap information), id 0xc0000005, EXCEPTION_ACCESS_VIOLATION (0xc0000005) at pc=0x00007ff86290e579]
GC Heap History (0 events):
No events

Dll operation events (1 events):
Event: 0.030 Loaded shared library C:\Program Files\Java\jdk-24\bin\java.dll

Deoptimization events (0 events):
No events

Classes loaded (0 events):
No events

Classes unloaded (0 events):
No events

Classes redefined (0 events):
No events

Internal exceptions (0 events):
No events

VM Operations (0 events):
No events

Memory protections (0 events):
No events

Nmethod flushes (0 events):
No events

Events (0 events):
No events


Dynamic libraries:
0x00007ff7c5d70000 - 0x00007ff7c5d8c000 	C:\Python39\python.exe
0x00007ff9736e0000 - 0x00007ff973943000 	C:\WINDOWS\SYSTEM32\ntdll.dll
0x00007ff971e10000 - 0x00007ff971ed7000 	C:\WINDOWS\System32\KERNEL32.DLL
0x00007ff970da0000 - 0x00007ff971169000 	C:\WINDOWS\System32\KERNELBASE.dll
0x00007ff971310000 - 0x00007ff97145c000 	C:\WINDOWS\System32\ucrtbase.dll
0x00007ff952590000 - 0x00007ff9525ab000 	C:\Python39\VCRUNTIME140.dll
0x00007ff8debb0000 - 0x00007ff8df022000 	C:\Python39\python39.dll
0x00007ff9718e0000 - 0x00007ff971954000 	C:\WINDOWS\System32\WS2_32.dll
0x00007ff972f80000 - 0x00007ff973096000 	C:\WINDOWS\System32\RPCRT4.dll
0x00007ff971a90000 - 0x00007ff971b42000 	C:\WINDOWS\System32\ADVAPI32.dll
0x00007ff9697b0000 - 0x00007ff9697bb000 	C:\WINDOWS\SYSTEM32\VERSION.dll
0x00007ff971560000 - 0x00007ff971609000 	C:\WINDOWS\System32\msvcrt.dll
0x00007ff9720b0000 - 0x00007ff972156000 	C:\WINDOWS\System32\sechost.dll
0x00007ff96fec0000 - 0x00007ff96fedc000 	C:\WINDOWS\SYSTEM32\CRYPTSP.dll
0x00007ff96f660000 - 0x00007ff96f69a000 	C:\WINDOWS\system32\rsaenh.dll
0x00007ff96fee0000 - 0x00007ff96feec000 	C:\WINDOWS\SYSTEM32\CRYPTBASE.dll
0x00007ff971460000 - 0x00007ff9714f9000 	C:\WINDOWS\System32\bcryptPrimitives.dll
0x00007ff963040000 - 0x00007ff96304f000 	C:\Python39\python3.DLL
0x00007ff94b610000 - 0x00007ff94b632000 	C:\Python39\DLLs\_ctypes.pyd
0x00007ff971f10000 - 0x00007ff9720a5000 	C:\WINDOWS\System32\ole32.dll
0x00007ff971170000 - 0x00007ff971213000 	C:\WINDOWS\System32\msvcp_win.dll
0x00007ff962f50000 - 0x00007ff962f5b000 	C:\Python39\DLLs\libffi-7.dll
0x00007ff972f50000 - 0x00007ff972f7a000 	C:\WINDOWS\System32\GDI32.dll
0x00007ff971220000 - 0x00007ff971247000 	C:\WINDOWS\System32\win32u.dll
0x00007ff970af0000 - 0x00007ff970c21000 	C:\WINDOWS\System32\gdi32full.dll
0x00007ff9725d0000 - 0x00007ff97279a000 	C:\WINDOWS\System32\USER32.dll
0x00007ff972160000 - 0x00007ff9724e2000 	C:\WINDOWS\System32\combase.dll
0x00007ff9724f0000 - 0x00007ff9725c6000 	C:\WINDOWS\System32\OLEAUT32.dll
0x00007ff9718a0000 - 0x00007ff9718cf000 	C:\WINDOWS\System32\IMM32.DLL
0x00007ff8c75f0000 - 0x00007ff8c949f000 	C:\Users\15024\AppData\Roaming\Python\Python39\site-packages\numpy\.libs\libopenblas64__v0.3.21-gcc_10_3_0.dll
0x00007ff8ea000000 - 0x00007ff8ea2c9000 	C:\Users\15024\AppData\Roaming\Python\Python39\site-packages\numpy\core\_multiarray_umath.cp39-win_amd64.pyd
0x00007ff950140000 - 0x00007ff950155000 	C:\Users\15024\AppData\Roaming\Python\Python39\site-packages\numpy\core\_multiarray_tests.cp39-win_amd64.pyd
0x00007ff944350000 - 0x00007ff94436e000 	C:\Users\15024\AppData\Roaming\Python\Python39\site-packages\numpy\linalg\_umath_linalg.cp39-win_amd64.pyd
0x00007ff942620000 - 0x00007ff942640000 	C:\Users\15024\AppData\Roaming\Python\Python39\site-packages\numpy\fft\_pocketfft_internal.cp39-win_amd64.pyd
0x00007ff92dc10000 - 0x00007ff92dc9f000 	C:\Users\15024\AppData\Roaming\Python\Python39\site-packages\numpy\random\mtrand.cp39-win_amd64.pyd
0x00007ff93c6b0000 - 0x00007ff93c6d6000 	C:\Users\15024\AppData\Roaming\Python\Python39\site-packages\numpy\random\bit_generator.cp39-win_amd64.pyd
0x00007ff92da70000 - 0x00007ff92daa0000 	C:\Users\15024\AppData\Roaming\Python\Python39\site-packages\numpy\random\_common.cp39-win_amd64.pyd
0x00007ff9425e0000 - 0x00007ff9425f3000 	C:\Python39\DLLs\_hashlib.pyd
0x00007ff8e10d0000 - 0x00007ff8e1418000 	C:\Python39\DLLs\libcrypto-1_1.dll
0x00007ff970100000 - 0x00007ff970126000 	C:\WINDOWS\SYSTEM32\bcrypt.dll
0x00007ff92d850000 - 0x00007ff92d88e000 	C:\Users\15024\AppData\Roaming\Python\Python39\site-packages\numpy\random\_bounded_integers.cp39-win_amd64.pyd
0x00007ff93f3e0000 - 0x00007ff93f3f5000 	C:\Users\15024\AppData\Roaming\Python\Python39\site-packages\numpy\random\_mt19937.cp39-win_amd64.pyd
0x00007ff93d2f0000 - 0x00007ff93d304000 	C:\Users\15024\AppData\Roaming\Python\Python39\site-packages\numpy\random\_philox.cp39-win_amd64.pyd
0x00007ff93ce90000 - 0x00007ff93cea7000 	C:\Users\15024\AppData\Roaming\Python\Python39\site-packages\numpy\random\_pcg64.cp39-win_amd64.pyd
0x00007ff960150000 - 0x00007ff960160000 	C:\Users\15024\AppData\Roaming\Python\Python39\site-packages\numpy\random\_sfc64.cp39-win_amd64.pyd
0x00007ff922280000 - 0x00007ff922324000 	C:\Users\15024\AppData\Roaming\Python\Python39\site-packages\numpy\random\_generator.cp39-win_amd64.pyd
0x00007ff93c730000 - 0x00007ff93c747000 	C:\Users\15024\AppData\Roaming\Python\Python39\site-packages\scipy\_lib\_ccallback_c.cp39-win_amd64.pyd
0x00007ff8de7a0000 - 0x00007ff8debac000 	C:\Users\15024\AppData\Roaming\Python\Python39\site-packages\scipy\sparse\_sparsetools.cp39-win_amd64.pyd
0x00007ff92b510000 - 0x00007ff92b5a2000 	C:\Users\15024\AppData\Roaming\Python\Python39\site-packages\scipy\sparse\_csparsetools.cp39-win_amd64.pyd
0x00007ff922610000 - 0x00007ff922658000 	C:\Users\15024\AppData\Roaming\Python\Python39\site-packages\scipy\sparse\linalg\_isolve\_iterative.cp39-win_amd64.pyd
0x00007ff8c5730000 - 0x00007ff8c75ed000 	C:\Users\15024\AppData\Roaming\Python\Python39\site-packages\scipy.libs\libopenblas_v0.3.20-571-g3dec11c6-gcc_10_3_0-c2315440d6b6cef5037bad648efc8c59.dll
0x00007ff9201c0000 - 0x00007ff920265000 	C:\Users\15024\AppData\Roaming\Python\Python39\site-packages\scipy\linalg\_fblas.cp39-win_amd64.pyd
0x00007ff8e0300000 - 0x00007ff8e051f000 	C:\Users\15024\AppData\Roaming\Python\Python39\site-packages\scipy\linalg\_flapack.cp39-win_amd64.pyd
0x00007ff91be50000 - 0x00007ff91bec6000 	C:\Users\15024\AppData\Roaming\Python\Python39\site-packages\scipy\linalg\_cythonized_array_utils.cp39-win_amd64.pyd
0x00007ff918740000 - 0x00007ff9187c3000 	C:\Users\15024\AppData\Roaming\Python\Python39\site-packages\scipy\linalg\cython_lapack.cp39-win_amd64.pyd
0x00007ff921240000 - 0x00007ff921284000 	C:\Users\15024\AppData\Roaming\Python\Python39\site-packages\scipy\linalg\_solve_toeplitz.cp39-win_amd64.pyd
0x00007ff929040000 - 0x00007ff92907e000 	C:\Users\15024\AppData\Roaming\Python\Python39\site-packages\scipy\linalg\_decomp_lu_cython.cp39-win_amd64.pyd
0x00007ff9225d0000 - 0x00007ff92260e000 	C:\Users\15024\AppData\Roaming\Python\Python39\site-packages\scipy\linalg\_matfuncs_sqrtm_triu.cp39-win_amd64.pyd
0x00007ff907310000 - 0x00007ff907378000 	C:\Users\15024\AppData\Roaming\Python\Python39\site-packages\scipy\linalg\_matfuncs_expm.cp39-win_amd64.pyd
0x00007ff920170000 - 0x00007ff9201b4000 	C:\Users\15024\AppData\Roaming\Python\Python39\site-packages\scipy\linalg\cython_blas.cp39-win_amd64.pyd
0x00007ff907260000 - 0x00007ff9072b4000 	C:\Users\15024\AppData\Roaming\Python\Python39\site-packages\scipy\linalg\_decomp_update.cp39-win_amd64.pyd
0x00007ff9378d0000 - 0x00007ff9378ef000 	C:\Users\15024\AppData\Roaming\Python\Python39\site-packages\scipy\linalg\_flinalg.cp39-win_amd64.pyd
0x00007ff8f6a80000 - 0x00007ff8f6aec000 	C:\Users\15024\AppData\Roaming\Python\Python39\site-packages\scipy\sparse\linalg\_dsolve\_superlu.cp39-win_amd64.pyd
0x00007ff8f4990000 - 0x00007ff8f4a5c000 	C:\Users\15024\AppData\Roaming\Python\Python39\site-packages\scipy\sparse\linalg\_eigen\arpack\_arpack.cp39-win_amd64.pyd
0x00007ff8f4910000 - 0x00007ff8f4982000 	C:\Users\15024\AppData\Roaming\Python\Python39\site-packages\scipy\sparse\csgraph\_shortest_path.cp39-win_amd64.pyd
0x00007ff92d820000 - 0x00007ff92d84f000 	C:\Users\15024\AppData\Roaming\Python\Python39\site-packages\scipy\sparse\csgraph\_tools.cp39-win_amd64.pyd
0x00007ff92caf0000 - 0x00007ff92cb1b000 	C:\Users\15024\AppData\Roaming\Python\Python39\site-packages\scipy\sparse\csgraph\_traversal.cp39-win_amd64.pyd
0x00007ff91e1a0000 - 0x00007ff91e1db000 	C:\Users\15024\AppData\Roaming\Python\Python39\site-packages\scipy\sparse\csgraph\_min_spanning_tree.cp39-win_amd64.pyd
0x00007ff918900000 - 0x00007ff91894f000 	C:\Users\15024\AppData\Roaming\Python\Python39\site-packages\scipy\sparse\csgraph\_flow.cp39-win_amd64.pyd
0x00007ff8f3650000 - 0x00007ff8f369d000 	C:\Users\15024\AppData\Roaming\Python\Python39\site-packages\scipy\sparse\csgraph\_matching.cp39-win_amd64.pyd
0x00007ff8f3600000 - 0x00007ff8f364b000 	C:\Users\15024\AppData\Roaming\Python\Python39\site-packages\scipy\sparse\csgraph\_reordering.cp39-win_amd64.pyd
0x00007ff8de5b0000 - 0x00007ff8de79e000 	C:\Users\15024\AppData\Roaming\Python\Python39\site-packages\scipy\special\_ufuncs.cp39-win_amd64.pyd
0x00007ff8e01a0000 - 0x00007ff8e02f7000 	C:\Users\15024\AppData\Roaming\Python\Python39\site-packages\scipy\special\_ufuncs_cxx.cp39-win_amd64.pyd
0x00007ff8f3540000 - 0x00007ff8f35c9000 	C:\Users\15024\AppData\Roaming\Python\Python39\site-packages\scipy\special\_specfun.cp39-win_amd64.pyd
0x00007ff934400000 - 0x00007ff934411000 	C:\Users\15024\AppData\Roaming\Python\Python39\site-packages\scipy\special\_comb.cp39-win_amd64.pyd
0x00007ff930200000 - 0x00007ff93021d000 	C:\Users\15024\AppData\Roaming\Python\Python39\site-packages\scipy\special\_ellip_harm_2.cp39-win_amd64.pyd
0x00007ff92bf40000 - 0x00007ff92bf58000 	C:\Python39\DLLs\_bz2.pyd
0x00007ff927330000 - 0x00007ff92735a000 	C:\Python39\DLLs\_lzma.pyd
0x00007ff8ba520000 - 0x00007ff8ba5ad000 	C:\WINDOWS\SYSTEM32\msvcp140.dll
0x00007ff95ff90000 - 0x00007ff95ff9c000 	C:\Python39\VCRUNTIME140_1.dll
0x00007ff8eeff0000 - 0x00007ff8ef04c000 	C:\Users\15024\AppData\Roaming\Python\Python39\site-packages\torch\lib\asmjit.dll
0x00007ff8eef60000 - 0x00007ff8eefea000 	C:\Users\15024\AppData\Roaming\Python\Python39\site-packages\torch\lib\c10.dll
0x00007ff95dd80000 - 0x00007ff95dfc1000 	C:\WINDOWS\SYSTEM32\dbghelp.dll
0x00007ff8de110000 - 0x00007ff8de5af000 	C:\Users\15024\AppData\Roaming\Python\Python39\site-packages\torch\lib\fbgemm.dll
0x00007ff8ddf00000 - 0x00007ff8de110000 	C:\Users\15024\AppData\Roaming\Python\Python39\site-packages\torch\lib\libiomp5md.dll
0x00007ff95ff00000 - 0x00007ff95ff0d000 	C:\Users\15024\AppData\Roaming\Python\Python39\site-packages\torch\lib\libiompstubs5md.dll
0x00007ff94f130000 - 0x00007ff94f139000 	C:\Users\15024\AppData\Roaming\Python\Python39\site-packages\torch\lib\shm.dll
0x00007ff895bf0000 - 0x00007ff8a438b000 	C:\Users\15024\AppData\Roaming\Python\Python39\site-packages\torch\lib\torch_cpu.dll
0x00007ff8dd640000 - 0x00007ff8dd8fd000 	C:\Users\15024\AppData\Roaming\Python\Python39\site-packages\torch\lib\uv.dll
0x00007ff971a80000 - 0x00007ff971a88000 	C:\WINDOWS\System32\PSAPI.DLL
0x00007ff96fcc0000 - 0x00007ff96fceb000 	C:\WINDOWS\SYSTEM32\USERENV.dll
0x00007ff96f140000 - 0x00007ff96f173000 	C:\WINDOWS\SYSTEM32\IPHLPAPI.DLL
0x00007ff94ed20000 - 0x00007ff94ed27000 	C:\Users\15024\AppData\Roaming\Python\Python39\site-packages\torch\lib\torch.dll
0x00007ff94e790000 - 0x00007ff94e797000 	C:\Users\15024\AppData\Roaming\Python\Python39\site-packages\torch\lib\torch_global_deps.dll
0x00007ff8dca10000 - 0x00007ff8dd5c6000 	C:\Users\15024\AppData\Roaming\Python\Python39\site-packages\torch\lib\torch_python.dll
0x00007ff929650000 - 0x00007ff929666000 	C:\Python39\DLLs\_socket.pyd
0x00007ff94e5b0000 - 0x00007ff94e5ba000 	C:\Python39\DLLs\select.pyd
0x00007ff94e140000 - 0x00007ff94e147000 	C:\Users\15024\AppData\Roaming\Python\Python39\site-packages\torch\_C.cp39-win_amd64.pyd
0x00007ff8f2120000 - 0x00007ff8f2163000 	C:\Python39\DLLs\_decimal.pyd
0x00007ff94c170000 - 0x00007ff94c17a000 	C:\Python39\DLLs\_multiprocessing.pyd
0x00007ff922530000 - 0x00007ff922557000 	C:\Python39\DLLs\_ssl.pyd
0x00007ff970970000 - 0x00007ff970ae7000 	C:\WINDOWS\System32\CRYPT32.dll
0x00007ff8eebf0000 - 0x00007ff8eec9c000 	C:\Python39\DLLs\libssl-1_1.dll
0x00007ff94b180000 - 0x00007ff94b189000 	C:\Python39\DLLs\_queue.pyd
0x00007ff944340000 - 0x00007ff944349000 	C:\WINDOWS\SYSTEM32\msvcp140_1.dll
0x00007fffc6620000 - 0x00007ffffffe3000 	C:\Users\15024\AppData\Roaming\Python\Python39\site-packages\tensorflow\python\_pywrap_tensorflow_internal.pyd
0x00007ff9727b0000 - 0x00007ff972ec5000 	C:\WINDOWS\System32\SHELL32.dll
0x00007ff970c30000 - 0x00007ff970d98000 	C:\WINDOWS\System32\wintypes.dll
0x00007ff971d30000 - 0x00007ff971d8d000 	C:\WINDOWS\System32\SHLWAPI.dll
0x00007ff9730a0000 - 0x00007ff9730a8000 	C:\WINDOWS\System32\Normaliz.dll
0x00007ff8dc5e0000 - 0x00007ff8dca02000 	C:\Users\15024\AppData\Roaming\Python\Python39\site-packages\tensorflow\python\platform\_pywrap_tf2.pyd
0x0000000066300000 - 0x0000000066398000 	C:\Users\15024\AppData\Roaming\Python\Python39\site-packages\google\_upb\_message.cp39-win_amd64.pyd
0x00007ff8e8b50000 - 0x00007ff8e8bfe000 	C:\Users\15024\AppData\Roaming\Python\Python39\site-packages\tensorflow\python\_pywrap_tfe.pyd
0x00007ff8d2d40000 - 0x00007ff8d325a000 	C:\Users\15024\AppData\Roaming\Python\Python39\site-packages\tensorflow\python\client\_pywrap_tf_session.pyd
0x00007ff8d2780000 - 0x00007ff8d2d34000 	C:\Users\15024\AppData\Roaming\Python\Python39\site-packages\tensorflow\python\util\_tf_stack.pyd
0x00007ff91d6b0000 - 0x00007ff91d6eb000 	C:\Users\15024\AppData\Roaming\Python\Python39\site-packages\tensorflow\python\_pywrap_py_exception_registry.pyd
0x00007ff8e7e30000 - 0x00007ff8e7ef4000 	C:\Users\15024\AppData\Roaming\Python\Python39\site-packages\ml_dtypes\_ml_dtypes_ext.cp39-win_amd64.pyd
0x00007ff8d99e0000 - 0x00007ff8d9c99000 	C:\Users\15024\AppData\Roaming\Python\Python39\site-packages\tensorflow\python\framework\_dtypes.pyd
0x00007ff921e50000 - 0x00007ff921e73000 	C:\Users\15024\AppData\Roaming\Python\Python39\site-packages\tensorflow\python\util\_pywrap_nest.pyd
0x00007ff8d22a0000 - 0x00007ff8d2780000 	C:\Users\15024\AppData\Roaming\Python\Python39\site-packages\tensorflow\python\util\_pywrap_utils.pyd
0x00007ff93ff60000 - 0x00007ff93ff6e000 	C:\Users\15024\AppData\Roaming\Python\Python39\site-packages\wrapt\_wrappers.cp39-win_amd64.pyd
0x00007ff91c930000 - 0x00007ff91c95e000 	C:\Users\15024\AppData\Roaming\Python\Python39\site-packages\tensorflow\python\profiler\internal\_pywrap_traceme.pyd
0x00007ff8d9600000 - 0x00007ff8d98b8000 	C:\Users\15024\AppData\Roaming\Python\Python39\site-packages\tensorflow\python\flags_pybind.pyd
0x00007ff91c2b0000 - 0x00007ff91c2d3000 	C:\Users\15024\AppData\Roaming\Python\Python39\site-packages\tensorflow\python\util\_pywrap_determinism.pyd
0x00007ff91bda0000 - 0x00007ff91bdc3000 	C:\Users\15024\AppData\Roaming\Python\Python39\site-packages\tensorflow\python\util\_pywrap_tensor_float_32_execution.pyd
0x00007ff8d87e0000 - 0x00007ff8d8ae5000 	C:\Users\15024\AppData\Roaming\Python\Python39\site-packages\tensorflow\python\_pywrap_dtensor_device.pyd
0x00007ff8c5310000 - 0x00007ff8c572f000 	C:\Users\15024\AppData\Roaming\Python\Python39\site-packages\tensorflow\python\framework\_op_def_registry.pyd
0x00007ff8c4ed0000 - 0x00007ff8c5303000 	C:\Users\15024\AppData\Roaming\Python\Python39\site-packages\tensorflow\python\framework\_op_def_library_pybind.pyd

dbghelp: loaded successfully - version: 4.0.5 - missing functions: none
symbol engine: initialized successfully - sym options: 0x614 - pdb path: .;C:\Python39;C:\WINDOWS\SYSTEM32;C:\Python39\DLLs;C:\Users\15024\AppData\Roaming\Python\Python39\site-packages\numpy\.libs;C:\Users\15024\AppData\Roaming\Python\Python39\site-packages\numpy\core;C:\Users\15024\AppData\Roaming\Python\Python39\site-packages\numpy\linalg;C:\Users\15024\AppData\Roaming\Python\Python39\site-packages\numpy\fft;C:\Users\15024\AppData\Roaming\Python\Python39\site-packages\numpy\random;C:\Users\15024\AppData\Roaming\Python\Python39\site-packages\scipy\_lib;C:\Users\15024\AppData\Roaming\Python\Python39\site-packages\scipy\sparse;C:\Users\15024\AppData\Roaming\Python\Python39\site-packages\scipy\sparse\linalg\_isolve;C:\Users\15024\AppData\Roaming\Python\Python39\site-packages\scipy.libs;C:\Users\15024\AppData\Roaming\Python\Python39\site-packages\scipy\linalg;C:\Users\15024\AppData\Roaming\Python\Python39\site-packages\scipy\sparse\linalg\_dsolve;C:\Users\15024\AppData\Roaming\Python\Python39\site-packages\scipy\sparse\linalg\_eigen\arpack;C:\Users\15024\AppData\Roaming\Python\Python39\site-packages\scipy\sparse\csgraph;C:\Users\15024\AppData\Roaming\Python\Python39\site-packages\scipy\special;C:\Users\15024\AppData\Roaming\Python\Python39\site-packages\torch\lib;C:\Users\15024\AppData\Roaming\Python\Python39\site-packages\torch;C:\Users\15024\AppData\Roaming\Python\Python39\site-packages\tensorflow\python;C:\Users\15024\AppData\Roaming\Python\Python39\site-packages\tensorflow\python\platform;C:\Users\15024\AppData\Roaming\Python\Python39\site-packages\google\_upb;C:\Users\15024\AppData\Roaming\Python\Python39\site-packages\tensorflow\python\client;C:\Users\15024\AppData\Roaming\Python\Python39\site-packages\tensorflow\python\util;C:\Users\15024\AppData\Roaming\Python\Python39\site-packages\ml_dtypes;C:\Users\15024\AppData\Roaming\Python\Python39\site-packages\tensorflow\python\framework;C:\Users\15024\AppData\Roaming\Python\Python39\site-packages\wrapt;C:\Users\15024\AppData\Roaming\Python\Python39\site-packages\tensorflow\python\profiler\internal;C:\Users\15024\AppData\Roaming\Python\Python39\site-packages\tensorflow\python\lib\io;C:\Users\15024\AppData\Roaming\Python\Python39\site-packages\tensorflow\python\data\experimental\service;C:\Users\15024\AppData\Roaming\Python\Python39\site-packages\tensorflow\python\saved_model;C:\Users\15024\AppData\Roaming\Python\Python39\site-packages\tensorflow\python\lib\core;C:\Users\15024\AppData\Roaming\Python\Python39\site-packages\tensorflow\compiler\tf2tensorrt;C:\Users\15024\AppData\Roaming\Python\Python39\site-packages\tensorflow\python\grappler;C:\Users\15024\AppData\Roaming\Python\Python39\site-packages\charset_normalizer;C:\Users\15024\AppData\Roaming\Python\Python39\site-packages\h5py;C:\Users\15024\AppData\Roaming\Python\Python39\site-packages\tensorflow\compiler\mlir\lite\python;C:\Users\15024\AppData\Roaming\Python\Python39\site-packages\tensorflow\compiler\mlir\quantization\tensorflow\python;C:\Users\15024\AppData\Roaming\Python\Python39\site-packages\tensorflow\lite\python\metrics;C:\Users\15024\AppData\Roaming\Python\Python39\site-packages\tensorflow\lite\experimental\microfrontend\python\ops;C:\Users\15024\AppData\Roaming\Python\Python39\site-packages\tensorflow\lite\python\interpreter_wrapper;C:\Users\15024\AppData\Roaming\Python\Python39\site-packages\tensorflow\lite\python\analyzer_wrapper;C:\Users\15024\AppData\Roaming\Python\Python39\site-packages\tensorflow\python\tpu;C:\Users\15024\AppData\Roaming\Python\Python39\site-packages\optree;C:\Users\15024\AppData\Roaming\Python\Python39\site-packages\PIL;C:\Users\15024\AppData\Roaming\Python\Python39\site-packages\matplotlib;C:\Users\15024\AppData\Roaming\Python\Python39\site-packages\kiwisolver;C:\Users\15024\AppData\Roaming\Python\Python39\site-packages\ot\lp;C:\Users\15024\AppData\Roaming\Python\Python39\site-packages\scipy\spatial;C:\Users\15024\AppData\Roaming\Python\Python39\site-packages\scipy\spatial\transform;C:\Users\15024\AppData\Roaming\Python\Python39\site-packages\scipy\optimize;C:\Users\15024\AppData\Roaming\Python\Python39\site-packages\scipy\optimize\_trlib;C:\Users\15024\AppData\Roaming\Python\Python39\site-packages\scipy\optimize\_lsq;C:\Users\15024\AppData\Roaming\Python\Python39\site-packages\scipy\optimize\_highs;C:\Users\15024\AppData\Roaming\Python\Python39\site-packages;C:\Program Files\Java\jdk-24\bin\server;C:\Program Files\Java\jdk-24\bin

VM Arguments:
java_command: <unknown>
java_class_path (initial): .\LMR\optimaltransportMOD.jar;C:\Users\15024\AppData\Roaming\Python\Python39\site-packages\org.jpype.jar
Launcher Type: generic

[Global flags]
     intx CICompilerCount                          = 4                                         {product} {ergonomic}
     uint ConcGCThreads                            = 3                                         {product} {ergonomic}
     uint G1ConcRefinementThreads                  = 10                                        {product} {ergonomic}
   size_t G1HeapRegionSize                         = 2097152                                   {product} {ergonomic}
   size_t InitialHeapSize                          = 201326592                                 {product} {ergonomic}
   size_t MarkStackSize                            = 4194304                                   {product} {ergonomic}
   size_t MarkStackSizeMax                         = 536870912                                 {product} {ergonomic}
   size_t MaxHeapSize                              = 3191865344                                {product} {ergonomic}
   size_t MinHeapDeltaBytes                        = 2097152                                   {product} {ergonomic}
   size_t MinHeapSize                              = 8388608                                   {product} {ergonomic}
    uintx NonNMethodCodeHeapSize                   = 5832704                                {pd product} {ergonomic}
    uintx NonProfiledCodeHeapSize                  = 122945536                              {pd product} {ergonomic}
    uintx ProfiledCodeHeapSize                     = 122880000                              {pd product} {ergonomic}
    uintx ReservedCodeCacheSize                    = 251658240                              {pd product} {ergonomic}
     bool SegmentedCodeCache                       = true                                      {product} {ergonomic}
   size_t SoftMaxHeapSize                          = 3191865344                             {manageable} {ergonomic}
     bool UseCompressedOops                        = true                           {product lp64_product} {ergonomic}
     bool UseG1GC                                  = true                                      {product} {ergonomic}
     bool UseLargePagesIndividualAllocation        = false                                  {pd product} {ergonomic}

Logging:
Log output configuration:
 #0: stdout all=warning uptime,level,tags foldmultilines=false
 #1: stderr all=off uptime,level,tags foldmultilines=false

Environment Variables:
PATH=C:\Program Files\Google\Chrome\Application;C:\Python39\Scripts\;C:\Python39\;C:\WINDOWS\system32;C:\WINDOWS;C:\WINDOWS\System32\Wbem;C:\WINDOWS\System32\WindowsPowerShell\v1.0\;C:\WINDOWS\System32\OpenSSH\;C:\Program Files\Git\cmd;C:\Program Files\nodejs\;C:\ProgramData\chocolatey\bin;C:\Users\15024\AppData\Local\Microsoft\WindowsApps;C:\Users\15024\AppData\Local\Programs\Microsoft VS Code\bin;C:\Users\15024\AppData\Local\GitHubDesktop\bin;C:\Users\15024\AppData\Roaming\npm;;c:\Users\15024\.vscode\extensions\ms-python.debugpy-2025.4.1-win32-x64\bundled\scripts\noConfigScripts
USERNAME=15024
LANG=en_US.UTF-8
OS=Windows_NT
PROCESSOR_IDENTIFIER=Intel64 Family 6 Model 165 Stepping 3, GenuineIntel
TMP=C:\Users\15024\AppData\Local\Temp
TEMP=C:\Users\15024\AppData\Local\Temp




Periodic native trim disabled

---------------  S Y S T E M  ---------------

OS:
 Windows 11 , 64 bit Build 26100 (10.0.26100.3323)
OS uptime: 47 days 7:46 hours

CPU: total 12 (initial active 12) (6 cores per cpu, 2 threads per core) family 6 model 165 stepping 3 microcode 0xe0, cx8, cmov, fxsr, ht, mmx, 3dnowpref, sse, sse2, sse3, ssse3, sse4.1, sse4.2, popcnt, lzcnt, tsc, tscinvbit, avx, avx2, erms, clmul, bmi1, bmi2, adx, fma, vzeroupper, clflush, clflushopt, rdtscp, f16c
Processor Information for the first 12 processors :
  Max Mhz: 2901, Current Mhz: 2901, Mhz Limit: 2901

Memory: 4k page, system-wide physical 12173M (386M free)
TotalPageFile size 42625M (AvailPageFile size 177M)
current process WorkingSet (physical memory assigned to process): 408M, peak: 408M
current process commit charge ("private bytes"): 1134M, peak: 1326M

vm_info: Java HotSpot(TM) 64-Bit Server VM (24+36-3646) for windows-amd64 JRE (24+36-3646), built on 2025-02-06T00:20:43Z with MS VC++ 17.6 (VS2022)

END.
